.\Prefabs\Coin\coin1.png | (74,72)-> (76,72)
.\Prefabs\Coin\coin10.png | (74,72)-> (76,72)
.\Prefabs\Coin\coin2.png | (74,61)-> (76,64)
.\Prefabs\Coin\coin3.png | (74,46)-> (76,48)
.\Prefabs\Coin\coin4.png | (74,31)-> (76,32)
.\Prefabs\Coin\coin5.png | (74,14)-> (76,16)
.\Prefabs\Coin\coin6.png | (74,31)-> (76,32)
.\Prefabs\Coin\coin7.png | (74,46)-> (76,48)
.\Prefabs\Coin\coin8.png | (74,61)-> (76,64)
.\Prefabs\Coin\coin9.png | (74,72)-> (76,72)
.\Room\1_New_Living room\UI\c1_r1_carpet_1_mini.png | (207,104)-> (208,104)
.\Room\1_New_Living room\UI\c1_r1_carpet_2_mini.png | (207,104)-> (208,104)
.\Room\1_New_Living room\UI\c1_r1_carpet_3_mini.png | (207,104)-> (208,104)
.\Room\1_New_Living room\UI\c1_r1_carpet_icon.png | (113,113)-> (116,116)
.\Room\1_New_Living room\UI\c1_r1_curtain_1_mini.png | (212,135)-> (212,136)
.\Room\1_New_Living room\UI\c1_r1_curtain_3_mini.png | (208,129)-> (208,132)
.\Room\1_New_Living room\UI\c1_r1_curtain_icon.png | (113,113)-> (116,116)
.\Room\1_New_Living room\UI\c1_r1_floor_1_mini.png | (207,104)-> (208,104)
.\Room\1_New_Living room\UI\c1_r1_floor_2_mini.png | (207,104)-> (208,104)
.\Room\1_New_Living room\UI\c1_r1_floor_3_mini.png | (207,104)-> (208,104)
.\Room\1_New_Living room\UI\c1_r1_floor_icon.png | (113,113)-> (116,116)
.\Room\1_New_Living room\UI\c1_r1_flower_icon.png | (113,113)-> (116,116)
.\Room\1_New_Living room\UI\c1_r1_frame_1_mini.png | (193,130)-> (196,132)
.\Room\1_New_Living room\UI\c1_r1_frame_2_mini.png | (158,194)-> (160,196)
.\Room\1_New_Living room\UI\c1_r1_frame_3_mini.png | (155,182)-> (156,184)
.\Room\1_New_Living room\UI\c1_r1_frame_icon.png | (113,113)-> (116,116)
.\Room\1_New_Living room\UI\c1_r1_lamp_1_mini.png | (192,178)-> (192,180)
.\Room\1_New_Living room\UI\c1_r1_lamp_2_mini.png | (172,165)-> (172,168)
.\Room\1_New_Living room\UI\c1_r1_lamp_3_mini.png | (152,187)-> (152,188)
.\Room\1_New_Living room\UI\c1_r1_lamp_icon.png | (113,113)-> (116,116)
.\Room\1_New_Living room\UI\c1_r1_leftsofa_1_mini.png | (205,155)-> (208,156)
.\Room\1_New_Living room\UI\c1_r1_leftsofa_2_mini.png | (182,124)-> (184,124)
.\Room\1_New_Living room\UI\c1_r1_leftsofa_3_mini.png | (177,135)-> (180,136)
.\Room\1_New_Living room\UI\c1_r1_leftsofa_icon.png | (113,113)-> (116,116)
.\Room\1_New_Living room\UI\c1_r1_left_1_mini.png | (152,206)-> (152,208)
.\Room\1_New_Living room\UI\c1_r1_left_2_mini.png | (138,203)-> (140,204)
.\Room\1_New_Living room\UI\c1_r1_left_3_mini.png | (149,192)-> (152,192)
.\Room\1_New_Living room\UI\c1_r1_left_icon.png | (113,113)-> (116,116)
.\Room\1_New_Living room\UI\c1_r1_light_1_mini.png | (66,203)-> (68,204)
.\Room\1_New_Living room\UI\c1_r1_light_2_mini.png | (96,189)-> (96,192)
.\Room\1_New_Living room\UI\c1_r1_light_3_mini.png | (109,188)-> (112,188)
.\Room\1_New_Living room\UI\c1_r1_light_icon.png | (113,113)-> (116,116)
.\Room\1_New_Living room\UI\c1_r1_plant_1_mini.png | (93,201)-> (96,204)
.\Room\1_New_Living room\UI\c1_r1_plant_2_mini.png | (87,170)-> (88,172)
.\Room\1_New_Living room\UI\c1_r1_plant_3_mini.png | (116,189)-> (116,192)
.\Room\1_New_Living room\UI\c1_r1_plant_icon.png | (113,113)-> (116,116)
.\Room\1_New_Living room\UI\c1_r1_rightsofa_1_mini.png | (181,182)-> (184,184)
.\Room\1_New_Living room\UI\c1_r1_rightsofa_2_mini.png | (189,193)-> (192,196)
.\Room\1_New_Living room\UI\c1_r1_rightsofa_3_mini.png | (180,191)-> (180,192)
.\Room\1_New_Living room\UI\c1_r1_rightsofa_icon.png | (113,113)-> (116,116)
.\Room\1_New_Living room\UI\c1_r1_right_1_mini.png | (146,195)-> (148,196)
.\Room\1_New_Living room\UI\c1_r1_right_2_mini.png | (147,187)-> (148,188)
.\Room\1_New_Living room\UI\c1_r1_right_3_mini.png | (162,205)-> (164,208)
.\Room\1_New_Living room\UI\c1_r1_right_icon.png | (113,113)-> (116,116)
.\Room\1_New_Living room\UI\c1_r1_sofa_1_mini.png | (210,85)-> (212,88)
.\Room\1_New_Living room\UI\c1_r1_sofa_2_mini.png | (207,85)-> (208,88)
.\Room\1_New_Living room\UI\c1_r1_sofa_3_mini.png | (210,88)-> (212,88)
.\Room\1_New_Living room\UI\c1_r1_sofa_icon.png | (113,113)-> (116,116)
.\Room\1_New_Living room\UI\c1_r1_table_1_mini.png | (207,172)-> (208,172)
.\Room\1_New_Living room\UI\c1_r1_table_2_mini.png | (167,140)-> (168,140)
.\Room\1_New_Living room\UI\c1_r1_table_3_mini.png | (196,115)-> (196,116)
.\Room\1_New_Living room\UI\c1_r1_table_icon.png | (113,113)-> (116,116)
.\Room\1_New_Living room\UI\c1_r1_tap_icon.png | (113,113)-> (116,116)
.\Room\1_New_Living room\UI\c1_r1_top_1_mini.png | (214,76)-> (216,76)
.\Room\1_New_Living room\UI\c1_r1_top_2_mini.png | (214,84)-> (216,84)
.\Room\1_New_Living room\UI\c1_r1_top_3_mini.png | (214,76)-> (216,76)
.\Room\1_New_Living room\UI\c1_r1_top_icon.png | (113,113)-> (116,116)
.\Room\1_New_Living room\UI\c1_r1_wall_1_mini.png | (189,149)-> (192,152)
.\Room\1_New_Living room\UI\c1_r1_wall_2_mini.png | (189,149)-> (192,152)
.\Room\1_New_Living room\UI\c1_r1_wall_3_mini.png | (189,149)-> (192,152)
.\Room\1_New_Living room\UI\c1_r1_wall_icon.png | (113,113)-> (116,116)
.\Room\1_New_Living room\UI\c1_r1_window_1_mini.png | (199,111)-> (200,112)
.\Room\1_New_Living room\UI\c1_r1_window_2_mini.png | (197,110)-> (200,112)
.\Room\1_New_Living room\UI\c1_r1_window_3_mini.png | (197,110)-> (200,112)
.\Room\1_New_Living room\UI\c1_r1_window_icon.png | (113,113)-> (116,116)
.\Room\2_NewBedRoom\Texture2D\c1_r10_wall_icon 1.png | (113,113)-> (116,116)
.\Room\2_NewBedRoom\Texture2D\c1_r1_curtain_icon 1.png | (113,113)-> (116,116)
.\Room\2_NewBedRoom\Texture2D\c1_r1_plant_icon 1.png | (113,113)-> (116,116)
.\Room\2_NewBedRoom\Texture2D\c1_r1_rightsofa_icon 1.png | (113,113)-> (116,116)
.\Room\2_NewBedRoom\Texture2D\c1_r2_bedside_2.png | (329,334)-> (332,336)
.\Room\2_NewBedRoom\Texture2D\c1_r2_bedside_3.png | (236,286)-> (236,288)
.\Room\2_NewBedRoom\Texture2D\c1_r2_bed_icon 1.png | (113,113)-> (116,116)
.\Room\2_NewBedRoom\Texture2D\c1_r2_carpet_1.png | (1344,230)-> (1344,232)
.\Room\2_NewBedRoom\Texture2D\c1_r2_carpet_2.png | (1451,232)-> (1452,232)
.\Room\2_NewBedRoom\Texture2D\c1_r2_carpet_3.png | (1388,183)-> (1388,184)
.\Room\2_NewBedRoom\Texture2D\c1_r2_carpet_icon 1.png | (113,113)-> (116,116)
.\Room\2_NewBedRoom\Texture2D\c1_r2_curtain_1.png | (547,1424)-> (548,1424)
.\Room\2_NewBedRoom\Texture2D\c1_r2_curtain_3.png | (402,1309)-> (404,1312)
.\Room\2_NewBedRoom\Texture2D\c1_r2_decoration_1.png | (427,257)-> (428,260)
.\Room\2_NewBedRoom\Texture2D\c1_r2_decoration_2.png | (427,250)-> (428,252)
.\Room\2_NewBedRoom\Texture2D\c1_r2_decoration_3.png | (427,255)-> (428,256)
.\Room\2_NewBedRoom\Texture2D\c1_r2_decoration_icon 1.png | (113,113)-> (116,116)
.\Room\2_NewBedRoom\Texture2D\c1_r2_floor_0.png | (958,163)-> (960,164)
.\Room\2_NewBedRoom\Texture2D\c1_r2_floor_1.png | (958,163)-> (960,164)
.\Room\2_NewBedRoom\Texture2D\c1_r2_floor_2.png | (958,163)-> (960,164)
.\Room\2_NewBedRoom\Texture2D\c1_r2_floor_3.png | (958,163)-> (960,164)
.\Room\2_NewBedRoom\Texture2D\c1_r2_lamp_1.png | (279,733)-> (280,736)
.\Room\2_NewBedRoom\Texture2D\c1_r2_lamp_2.png | (251,701)-> (252,704)
.\Room\2_NewBedRoom\Texture2D\c1_r2_lamp_3.png | (366,811)-> (368,812)
.\Room\2_NewBedRoom\Texture2D\c1_r2_lamp_icon 1.png | (113,113)-> (116,116)
.\Room\2_NewBedRoom\Texture2D\c1_r2_light_2.png | (356,378)-> (356,380)
.\Room\2_NewBedRoom\Texture2D\c1_r2_light_3.png | (279,406)-> (280,408)
.\Room\2_NewBedRoom\Texture2D\c1_r2_light_icon 1.png | (113,113)-> (116,116)
.\Room\2_NewBedRoom\Texture2D\c1_r2_mini_decoration_2.png | (382,619)-> (384,620)
.\Room\2_NewBedRoom\Texture2D\c1_r2_mini_decoration_3.png | (270,443)-> (272,444)
.\Room\2_NewBedRoom\Texture2D\c1_r2_mini_light_2.png | (114,721)-> (116,724)
.\Room\2_NewBedRoom\Texture2D\c1_r2_mini_light_3.png | (107,659)-> (108,660)
.\Room\2_NewBedRoom\Texture2D\c1_r2_picture_1.png | (499,413)-> (500,416)
.\Room\2_NewBedRoom\Texture2D\c1_r2_picture_2.png | (542,341)-> (544,344)
.\Room\2_NewBedRoom\Texture2D\c1_r2_picture_3.png | (457,412)-> (460,412)
.\Room\2_NewBedRoom\Texture2D\c1_r2_picture_icon 1.png | (113,113)-> (116,116)
.\Room\2_NewBedRoom\Texture2D\c1_r2_sofa_1.png | (154,126)-> (156,128)
.\Room\2_NewBedRoom\Texture2D\c1_r2_sofa_2.png | (119,120)-> (120,120)
.\Room\2_NewBedRoom\Texture2D\c1_r2_sofa_3.png | (126,148)-> (128,148)
.\Room\2_NewBedRoom\Texture2D\c1_r2_table_0.png | (305,375)-> (308,376)
.\Room\2_NewBedRoom\Texture2D\c1_r2_table_icon 1.png | (113,113)-> (116,116)
.\Room\2_NewBedRoom\Texture2D\c1_r2_top_0.png | (886,148)-> (888,148)
.\Room\2_NewBedRoom\Texture2D\c1_r2_top_1.png | (886,148)-> (888,148)
.\Room\2_NewBedRoom\Texture2D\c1_r2_top_2.png | (886,148)-> (888,148)
.\Room\2_NewBedRoom\Texture2D\c1_r2_top_3.png | (886,148)-> (888,148)
.\Room\2_NewBedRoom\Texture2D\c1_r2_tree_1.png | (258,411)-> (260,412)
.\Room\2_NewBedRoom\Texture2D\c1_r2_tree_2.png | (258,371)-> (260,372)
.\Room\2_NewBedRoom\Texture2D\c1_r2_tree_3.png | (278,387)-> (280,388)
.\Room\2_NewBedRoom\Texture2D\c1_r2_tree_left_1.png | (351,659)-> (352,660)
.\Room\2_NewBedRoom\Texture2D\c1_r2_tree_left_3.png | (426,699)-> (428,700)
.\Room\2_NewBedRoom\Texture2D\c1_r2_window_1.png | (75,209)-> (76,212)
.\Room\2_NewBedRoom\Texture2D\c1_r2_window_2.png | (75,207)-> (76,208)
.\Room\2_NewBedRoom\Texture2D\c1_r2_window_3.png | (75,208)-> (76,208)
.\Room\2_NewBedRoom\Texture2D\c1_r2_window_icon 1.png | (113,113)-> (116,116)
.\Room\2_NewBedRoom\Texture2D\c1_r3_cupboard_icon 1.png | (113,113)-> (116,116)
.\Room\2_NewBedRoom\Texture2D\c1_r3_floor_icon 1.png | (113,113)-> (116,116)
.\Room\2_NewBedRoom\Texture2D\c1_r8_top_icon 1.png | (113,113)-> (116,116)
.\Room\2_NewBedRoom\Texture2D\c1_r9_sidetable_icon 1.png | (113,113)-> (116,116)
.\Room\3_Kitchen\Texture2D\c1_r3_dish_1.png | (204,125)-> (204,128)
.\Room\3_Kitchen\Texture2D\c1_r3_dish_2.png | (181,187)-> (184,188)
.\Room\3_Kitchen\Texture2D\c1_r3_dish_3.png | (194,157)-> (196,160)
.\Room\3_Kitchen\Texture2D\c1_r3_flavour_1.png | (210,165)-> (212,168)
.\Room\3_Kitchen\Texture2D\c1_r3_flavour_2.png | (196,211)-> (196,212)
.\Room\3_Kitchen\Texture2D\c1_r3_flavour_3.png | (241,272)-> (244,272)
.\Room\3_Kitchen\Texture2D\c1_r3_shelf_1.png | (226,468)-> (228,468)
.\Room\3_Kitchen\Texture2D\c1_r3_smallwindow_0.png | (254,431)-> (256,432)
.\Room\3_Kitchen\Texture2D\c1_r3_smallwindow_2.png | (248,431)-> (248,432)
.\Room\3_Kitchen\Texture2D\c1_r3_smallwindow_3.png | (250,432)-> (252,432)
.\Room\3_Kitchen\UI\c1_r3_bar_1_mini.png | (198,130)-> (200,132)
.\Room\3_Kitchen\UI\c1_r3_bar_2_mini.png | (197,132)-> (200,132)
.\Room\3_Kitchen\UI\c1_r3_bar_3_mini.png | (178,135)-> (180,136)
.\Room\3_Kitchen\UI\c1_r3_bar_icon.png | (113,113)-> (116,116)
.\Room\3_Kitchen\UI\c1_r3_chair_1_mini.png | (161,171)-> (164,172)
.\Room\3_Kitchen\UI\c1_r3_chair_2_mini.png | (157,164)-> (160,164)
.\Room\3_Kitchen\UI\c1_r3_chair_3_mini.png | (157,195)-> (160,196)
.\Room\3_Kitchen\UI\c1_r3_chair_icon.png | (113,113)-> (116,116)
.\Room\3_Kitchen\UI\c1_r3_cupboard_1_mini.png | (210,158)-> (212,160)
.\Room\3_Kitchen\UI\c1_r3_cupboard_2_mini.png | (209,158)-> (212,160)
.\Room\3_Kitchen\UI\c1_r3_cupboard_3_mini.png | (209,131)-> (212,132)
.\Room\3_Kitchen\UI\c1_r3_cupboard_icon.png | (113,113)-> (116,116)
.\Room\3_Kitchen\UI\c1_r3_curtain_1_mini.png | (187,192)-> (188,192)
.\Room\3_Kitchen\UI\c1_r3_curtain_2_mini.png | (181,177)-> (184,180)
.\Room\3_Kitchen\UI\c1_r3_curtain_3_mini.png | (174,171)-> (176,172)
.\Room\3_Kitchen\UI\c1_r3_curtain_icon.png | (113,113)-> (116,116)
.\Room\3_Kitchen\UI\c1_r3_decoration_1_mini.png | (88,173)-> (88,176)
.\Room\3_Kitchen\UI\c1_r3_decoration_2_mini.png | (109,188)-> (112,188)
.\Room\3_Kitchen\UI\c1_r3_decoration_3_mini.png | (110,151)-> (112,152)
.\Room\3_Kitchen\UI\c1_r3_decoration_icon.png | (113,113)-> (116,116)
.\Room\3_Kitchen\UI\c1_r3_dish_1_mini.png | (206,127)-> (208,128)
.\Room\3_Kitchen\UI\c1_r3_dish_2_mini.png | (181,189)-> (184,192)
.\Room\3_Kitchen\UI\c1_r3_dish_3_mini.png | (196,157)-> (196,160)
.\Room\3_Kitchen\UI\c1_r3_dish_icon.png | (113,113)-> (116,116)
.\Room\3_Kitchen\UI\c1_r3_flavour_1_mini.png | (189,150)-> (192,152)
.\Room\3_Kitchen\UI\c1_r3_flavour_3_mini.png | (201,210)-> (204,212)
.\Room\3_Kitchen\UI\c1_r3_flavour_icon.png | (113,113)-> (116,116)
.\Room\3_Kitchen\UI\c1_r3_floor_1_mini.png | (207,104)-> (208,104)
.\Room\3_Kitchen\UI\c1_r3_floor_2_mini.png | (207,104)-> (208,104)
.\Room\3_Kitchen\UI\c1_r3_floor_3_mini.png | (207,104)-> (208,104)
.\Room\3_Kitchen\UI\c1_r3_floor_icon.png | (113,113)-> (116,116)
.\Room\3_Kitchen\UI\c1_r3_fridge_1_mini.png | (75,186)-> (76,188)
.\Room\3_Kitchen\UI\c1_r3_fridge_3_mini.png | (75,189)-> (76,192)
.\Room\3_Kitchen\UI\c1_r3_fridge_icon.png | (113,113)-> (116,116)
.\Room\3_Kitchen\UI\c1_r3_ground_1_mini.png | (207,104)-> (208,104)
.\Room\3_Kitchen\UI\c1_r3_ground_2_mini.png | (207,104)-> (208,104)
.\Room\3_Kitchen\UI\c1_r3_ground_3_mini.png | (207,104)-> (208,104)
.\Room\3_Kitchen\UI\c1_r3_ground_icon.png | (113,113)-> (116,116)
.\Room\3_Kitchen\UI\c1_r3_lamp_1_mini.png | (187,160)-> (188,160)
.\Room\3_Kitchen\UI\c1_r3_lamp_2_mini.png | (187,167)-> (188,168)
.\Room\3_Kitchen\UI\c1_r3_lamp_3_mini.png | (195,161)-> (196,164)
.\Room\3_Kitchen\UI\c1_r3_lamp_icon.png | (113,113)-> (116,116)
.\Room\3_Kitchen\UI\c1_r3_partition_1_mini.png | (204,146)-> (204,148)
.\Room\3_Kitchen\UI\c1_r3_partition_2_mini.png | (203,146)-> (204,148)
.\Room\3_Kitchen\UI\c1_r3_partition_3_mini.png | (205,146)-> (208,148)
.\Room\3_Kitchen\UI\c1_r3_partition_icon.png | (113,113)-> (116,116)
.\Room\3_Kitchen\UI\c1_r3_plant_1_mini.png | (85,205)-> (88,208)
.\Room\3_Kitchen\UI\c1_r3_plant_2_mini.png | (85,203)-> (88,204)
.\Room\3_Kitchen\UI\c1_r3_plant_3_mini.png | (117,192)-> (120,192)
.\Room\3_Kitchen\UI\c1_r3_plant_icon.png | (113,113)-> (116,116)
.\Room\3_Kitchen\UI\c1_r3_range_1_mini.png | (214,89)-> (216,92)
.\Room\3_Kitchen\UI\c1_r3_range_2_mini.png | (214,85)-> (216,88)
.\Room\3_Kitchen\UI\c1_r3_range_3_mini.png | (214,86)-> (216,88)
.\Room\3_Kitchen\UI\c1_r3_range_icon.png | (113,113)-> (116,116)
.\Room\3_Kitchen\UI\c1_r3_shelf_1_mini.png | (93,194)-> (96,196)
.\Room\3_Kitchen\UI\c1_r3_shelf_2_mini.png | (96,193)-> (96,196)
.\Room\3_Kitchen\UI\c1_r3_shelf_3_mini.png | (93,199)-> (96,200)
.\Room\3_Kitchen\UI\c1_r3_shelf_icon.png | (113,113)-> (116,116)
.\Room\3_Kitchen\UI\c1_r3_smallwindow_1_mini.png | (110,187)-> (112,188)
.\Room\3_Kitchen\UI\c1_r3_smallwindow_2_mini.png | (110,187)-> (112,188)
.\Room\3_Kitchen\UI\c1_r3_smallwindow_3_mini.png | (111,187)-> (112,188)
.\Room\3_Kitchen\UI\c1_r3_smallwindow_icon.png | (113,113)-> (116,116)
.\Room\3_Kitchen\UI\c1_r3_table_1_mini.png | (136,202)-> (136,204)
.\Room\3_Kitchen\UI\c1_r3_table_2_mini.png | (168,142)-> (168,144)
.\Room\3_Kitchen\UI\c1_r3_table_3_mini.png | (209,108)-> (212,108)
.\Room\3_Kitchen\UI\c1_r3_table_icon.png | (113,113)-> (116,116)
.\Room\3_Kitchen\UI\c1_r3_wall_1_mini.png | (189,149)-> (192,152)
.\Room\3_Kitchen\UI\c1_r3_wall_2_mini.png | (189,149)-> (192,152)
.\Room\3_Kitchen\UI\c1_r3_wall_3_mini.png | (189,149)-> (192,152)
.\Room\3_Kitchen\UI\c1_r3_wall_icon.png | (113,113)-> (116,116)
.\Room\3_Kitchen\UI\c1_r3_window_1_mini.png | (80,199)-> (80,200)
.\Room\3_Kitchen\UI\c1_r3_window_2_mini.png | (79,199)-> (80,200)
.\Room\3_Kitchen\UI\c1_r3_window_3_mini.png | (79,199)-> (80,200)
.\Room\3_Kitchen\UI\c1_r3_window_icon.png | (113,113)-> (116,116)
.\Room\4_Exhinition room\Texture2D\c1_r4_bigmodel_icon.png | (113,113)-> (116,116)
.\Room\4_Exhinition room\Texture2D\c1_r4_billboard_icon.png | (113,113)-> (116,116)
.\Room\4_Exhinition room\Texture2D\c1_r4_booth_icon.png | (113,113)-> (116,116)
.\Room\4_Exhinition room\Texture2D\c1_r4_cabinet_2.png | (184,338)-> (184,340)
.\Room\4_Exhinition room\Texture2D\c1_r4_cabinet_icon.png | (113,113)-> (116,116)
.\Room\4_Exhinition room\Texture2D\c1_r4_carpet_icon.png | (113,113)-> (116,116)
.\Room\4_Exhinition room\Texture2D\c1_r4_decoration_icon.png | (113,113)-> (116,116)
.\Room\4_Exhinition room\Texture2D\c1_r4_floor_icon.png | (113,113)-> (116,116)
.\Room\4_Exhinition room\Texture2D\c1_r4_lamp_icon.png | (113,113)-> (116,116)
.\Room\4_Exhinition room\Texture2D\c1_r4_light_icon.png | (113,113)-> (116,116)
.\Room\4_Exhinition room\Texture2D\c1_r4_picture_1.png | (233,191)-> (236,192)
.\Room\4_Exhinition room\Texture2D\c1_r4_picture_2.png | (239,228)-> (240,228)
.\Room\4_Exhinition room\Texture2D\c1_r4_picture_3.png | (309,178)-> (312,180)
.\Room\4_Exhinition room\Texture2D\c1_r4_picture_icon.png | (113,113)-> (116,116)
.\Room\4_Exhinition room\Texture2D\c1_r4_plant_icon.png | (113,113)-> (116,116)
.\Room\4_Exhinition room\Texture2D\c1_r4_posters_icon.png | (113,113)-> (116,116)
.\Room\4_Exhinition room\Texture2D\c1_r4_sculpture_icon.png | (113,113)-> (116,116)
.\Room\4_Exhinition room\Texture2D\c1_r4_smallmodel_icon.png | (113,113)-> (116,116)
.\Room\4_Exhinition room\Texture2D\c1_r4_stairs_icon.png | (113,113)-> (116,116)
.\Room\4_Exhinition room\Texture2D\c1_r4_stool_icon.png | (113,113)-> (116,116)
.\Room\4_Exhinition room\Texture2D\c1_r4_top_icon.png | (113,113)-> (116,116)
.\Room\4_Exhinition room\Texture2D\c1_r4_trophy_icon.png | (113,113)-> (116,116)
.\Room\4_Exhinition room\Texture2D\c1_r4_wall_icon.png | (113,113)-> (116,116)
.\Room\4_Exhinition room\Texture2D\c1_r4_window_icon.png | (113,113)-> (116,116)
.\Room\4_Exhinition room\UI\c1_r4_bigmodel_1_mini.png | (212,97)-> (212,100)
.\Room\4_Exhinition room\UI\c1_r4_bigmodel_2_mini.png | (214,88)-> (216,88)
.\Room\4_Exhinition room\UI\c1_r4_bigmodel_3_mini.png | (180,125)-> (180,128)
.\Room\4_Exhinition room\UI\c1_r4_billboard_1_mini.png | (150,142)-> (152,144)
.\Room\4_Exhinition room\UI\c1_r4_billboard_2_mini.png | (148,171)-> (148,172)
.\Room\4_Exhinition room\UI\c1_r4_billboard_3_mini.png | (154,153)-> (156,156)
.\Room\4_Exhinition room\UI\c1_r4_booth_1_mini.png | (214,113)-> (216,116)
.\Room\4_Exhinition room\UI\c1_r4_booth_2_mini.png | (210,113)-> (212,116)
.\Room\4_Exhinition room\UI\c1_r4_booth_3_mini.png | (214,113)-> (216,116)
.\Room\4_Exhinition room\UI\c1_r4_cabinet_2_mini.png | (90,169)-> (92,172)
.\Room\4_Exhinition room\UI\c1_r4_cabinet_3_mini.png | (120,174)-> (120,176)
.\Room\4_Exhinition room\UI\c1_r4_carpet_1_mini.png | (207,104)-> (208,104)
.\Room\4_Exhinition room\UI\c1_r4_carpet_2_mini.png | (207,104)-> (208,104)
.\Room\4_Exhinition room\UI\c1_r4_carpet_3_mini.png | (207,104)-> (208,104)
.\Room\4_Exhinition room\UI\c1_r4_decoration_1_mini.png | (112,166)-> (112,168)
.\Room\4_Exhinition room\UI\c1_r4_decoration_2_mini.png | (141,161)-> (144,164)
.\Room\4_Exhinition room\UI\c1_r4_decoration_3_mini.png | (101,172)-> (104,172)
.\Room\4_Exhinition room\UI\c1_r4_floor_1_mini.png | (207,104)-> (208,104)
.\Room\4_Exhinition room\UI\c1_r4_floor_2_mini.png | (207,104)-> (208,104)
.\Room\4_Exhinition room\UI\c1_r4_floor_3_mini.png | (207,104)-> (208,104)
.\Room\4_Exhinition room\UI\c1_r4_lamp_1_mini.png | (204,61)-> (204,64)
.\Room\4_Exhinition room\UI\c1_r4_lamp_2_mini.png | (191,68)-> (192,68)
.\Room\4_Exhinition room\UI\c1_r4_lamp_3_mini.png | (193,59)-> (196,60)
.\Room\4_Exhinition room\UI\c1_r4_light_1_mini.png | (193,124)-> (196,124)
.\Room\4_Exhinition room\UI\c1_r4_light_2_mini.png | (178,143)-> (180,144)
.\Room\4_Exhinition room\UI\c1_r4_light_3_mini.png | (202,131)-> (204,132)
.\Room\4_Exhinition room\UI\c1_r4_picture_1_mini.png | (169,136)-> (172,136)
.\Room\4_Exhinition room\UI\c1_r4_picture_2_mini.png | (156,150)-> (156,152)
.\Room\4_Exhinition room\UI\c1_r4_picture_3_mini.png | (203,118)-> (204,120)
.\Room\4_Exhinition room\UI\c1_r4_plant_1_mini.png | (190,147)-> (192,148)
.\Room\4_Exhinition room\UI\c1_r4_plant_2_mini.png | (154,167)-> (156,168)
.\Room\4_Exhinition room\UI\c1_r4_plant_3_mini.png | (191,139)-> (192,140)
.\Room\4_Exhinition room\UI\c1_r4_posters_1_mini.png | (122,180)-> (124,180)
.\Room\4_Exhinition room\UI\c1_r4_posters_2_mini.png | (122,180)-> (124,180)
.\Room\4_Exhinition room\UI\c1_r4_posters_3_mini.png | (122,180)-> (124,180)
.\Room\4_Exhinition room\UI\c1_r4_sculpture_1_mini.png | (84,191)-> (84,192)
.\Room\4_Exhinition room\UI\c1_r4_sculpture_2_mini.png | (53,188)-> (56,188)
.\Room\4_Exhinition room\UI\c1_r4_smallmodel_1_mini.png | (150,114)-> (152,116)
.\Room\4_Exhinition room\UI\c1_r4_smallmodel_2_mini.png | (186,107)-> (188,108)
.\Room\4_Exhinition room\UI\c1_r4_smallmodel_3_mini.png | (201,85)-> (204,88)
.\Room\4_Exhinition room\UI\c1_r4_stairs_1_mini.png | (187,169)-> (188,172)
.\Room\4_Exhinition room\UI\c1_r4_stairs_2_mini.png | (189,168)-> (192,168)
.\Room\4_Exhinition room\UI\c1_r4_stairs_3_mini.png | (187,166)-> (188,168)
.\Room\4_Exhinition room\UI\c1_r4_stool_1_mini.png | (193,94)-> (196,96)
.\Room\4_Exhinition room\UI\c1_r4_stool_2_mini.png | (199,102)-> (200,104)
.\Room\4_Exhinition room\UI\c1_r4_stool_3_mini.png | (194,102)-> (196,104)
.\Room\4_Exhinition room\UI\c1_r4_top_1_mini.png | (207,95)-> (208,96)
.\Room\4_Exhinition room\UI\c1_r4_top_2_mini.png | (207,95)-> (208,96)
.\Room\4_Exhinition room\UI\c1_r4_top_3_mini.png | (207,95)-> (208,96)
.\Room\4_Exhinition room\UI\c1_r4_trophy_2_mini.png | (136,185)-> (136,188)
.\Room\4_Exhinition room\UI\c1_r4_trophy_3_mini.png | (151,190)-> (152,192)
.\Room\4_Exhinition room\UI\c1_r4_wall_1_mini.png | (189,149)-> (192,152)
.\Room\4_Exhinition room\UI\c1_r4_wall_2_mini.png | (189,149)-> (192,152)
.\Room\4_Exhinition room\UI\c1_r4_wall_3_mini.png | (189,149)-> (192,152)
.\Room\4_Exhinition room\UI\c1_r4_window_1_mini.png | (52,197)-> (52,200)
.\Room\4_Exhinition room\UI\c1_r4_window_2_mini.png | (52,197)-> (52,200)
.\Room\4_Exhinition room\UI\c1_r4_window_3_mini.png | (53,197)-> (56,200)
.\Room\5_Work Place\UI\c1_r5_book_1_mini.png | (197,84)-> (200,84)
.\Room\5_Work Place\UI\c1_r5_book_2_mini.png | (197,83)-> (200,84)
.\Room\5_Work Place\UI\c1_r5_book_3_mini.png | (197,83)-> (200,84)
.\Room\5_Work Place\UI\c1_r5_book_icon.png | (113,113)-> (116,116)
.\Room\5_Work Place\UI\c1_r5_cabinet_1_mini.png | (193,181)-> (196,184)
.\Room\5_Work Place\UI\c1_r5_cabinet_2_mini.png | (193,181)-> (196,184)
.\Room\5_Work Place\UI\c1_r5_cabinet_3_mini.png | (192,182)-> (192,184)
.\Room\5_Work Place\UI\c1_r5_cabinet_icon.png | (113,113)-> (116,116)
.\Room\5_Work Place\UI\c1_r5_carpet_1_mini.png | (207,104)-> (208,104)
.\Room\5_Work Place\UI\c1_r5_carpet_2_mini.png | (207,104)-> (208,104)
.\Room\5_Work Place\UI\c1_r5_carpet_3_mini.png | (207,104)-> (208,104)
.\Room\5_Work Place\UI\c1_r5_carpet_icon.png | (113,113)-> (116,116)
.\Room\5_Work Place\UI\c1_r5_chair_1_mini.png | (178,185)-> (180,188)
.\Room\5_Work Place\UI\c1_r5_chair_2_mini.png | (153,191)-> (156,192)
.\Room\5_Work Place\UI\c1_r5_chair_3_mini.png | (154,176)-> (156,176)
.\Room\5_Work Place\UI\c1_r5_chair_icon.png | (113,113)-> (116,116)
.\Room\5_Work Place\UI\c1_r5_chart_1_mini.png | (175,144)-> (176,144)
.\Room\5_Work Place\UI\c1_r5_chart_2_mini.png | (158,176)-> (160,176)
.\Room\5_Work Place\UI\c1_r5_chart_3_mini.png | (159,161)-> (160,164)
.\Room\5_Work Place\UI\c1_r5_chart_icon.png | (113,113)-> (116,116)
.\Room\5_Work Place\UI\c1_r5_computer_1_mini.png | (204,122)-> (204,124)
.\Room\5_Work Place\UI\c1_r5_computer_2_mini.png | (198,119)-> (200,120)
.\Room\5_Work Place\UI\c1_r5_computer_3_mini.png | (197,121)-> (200,124)
.\Room\5_Work Place\UI\c1_r5_computer_icon.png | (113,113)-> (116,116)
.\Room\5_Work Place\UI\c1_r5_decoration_1_mini.png | (65,201)-> (68,204)
.\Room\5_Work Place\UI\c1_r5_decoration_2_mini.png | (82,169)-> (84,172)
.\Room\5_Work Place\UI\c1_r5_decoration_3_mini.png | (81,191)-> (84,192)
.\Room\5_Work Place\UI\c1_r5_decoration_icon.png | (113,113)-> (116,116)
.\Room\5_Work Place\UI\c1_r5_drawing_1_mini.png | (175,166)-> (176,168)
.\Room\5_Work Place\UI\c1_r5_drawing_2_mini.png | (213,170)-> (216,172)
.\Room\5_Work Place\UI\c1_r5_drawing_3_mini.png | (200,189)-> (200,192)
.\Room\5_Work Place\UI\c1_r5_drawing_icon.png | (113,113)-> (116,116)
.\Room\5_Work Place\UI\c1_r5_droplight_1_mini.png | (209,122)-> (212,124)
.\Room\5_Work Place\UI\c1_r5_droplight_2_mini.png | (191,137)-> (192,140)
.\Room\5_Work Place\UI\c1_r5_droplight_3_mini.png | (166,137)-> (168,140)
.\Room\5_Work Place\UI\c1_r5_droplight_icon.png | (113,113)-> (116,116)
.\Room\5_Work Place\UI\c1_r5_floor_1_mini.png | (207,104)-> (208,104)
.\Room\5_Work Place\UI\c1_r5_floor_2_mini.png | (207,104)-> (208,104)
.\Room\5_Work Place\UI\c1_r5_floor_3_mini.png | (207,104)-> (208,104)
.\Room\5_Work Place\UI\c1_r5_floor_icon.png | (113,113)-> (116,116)
.\Room\5_Work Place\UI\c1_r5_light_1_mini.png | (109,158)-> (112,160)
.\Room\5_Work Place\UI\c1_r5_light_2_mini.png | (143,145)-> (144,148)
.\Room\5_Work Place\UI\c1_r5_light_3_mini.png | (67,162)-> (68,164)
.\Room\5_Work Place\UI\c1_r5_light_icon.png | (113,113)-> (116,116)
.\Room\5_Work Place\UI\c1_r5_model_1_mini.png | (203,153)-> (204,156)
.\Room\5_Work Place\UI\c1_r5_model_2_mini.png | (203,142)-> (204,144)
.\Room\5_Work Place\UI\c1_r5_model_3_mini.png | (203,112)-> (204,112)
.\Room\5_Work Place\UI\c1_r5_model_icon.png | (113,113)-> (116,116)
.\Room\5_Work Place\UI\c1_r5_paper_1_mini.png | (75,189)-> (76,192)
.\Room\5_Work Place\UI\c1_r5_paper_3_mini.png | (99,190)-> (100,192)
.\Room\5_Work Place\UI\c1_r5_paper_icon.png | (113,113)-> (116,116)
.\Room\5_Work Place\UI\c1_r5_photo_1_mini.png | (209,57)-> (212,60)
.\Room\5_Work Place\UI\c1_r5_photo_3_mini.png | (208,74)-> (208,76)
.\Room\5_Work Place\UI\c1_r5_photo_icon.png | (113,113)-> (116,116)
.\Room\5_Work Place\UI\c1_r5_picture_1_mini.png | (78,189)-> (80,192)
.\Room\5_Work Place\UI\c1_r5_picture_2_mini.png | (81,189)-> (84,192)
.\Room\5_Work Place\UI\c1_r5_picture_3_mini.png | (81,188)-> (84,188)
.\Room\5_Work Place\UI\c1_r5_picture_icon.png | (113,113)-> (116,116)
.\Room\5_Work Place\UI\c1_r5_plant_1_mini.png | (117,204)-> (120,204)
.\Room\5_Work Place\UI\c1_r5_plant_2_mini.png | (155,197)-> (156,200)
.\Room\5_Work Place\UI\c1_r5_plant_3_mini.png | (158,195)-> (160,196)
.\Room\5_Work Place\UI\c1_r5_plant_icon.png | (113,113)-> (116,116)
.\Room\5_Work Place\UI\c1_r5_shortcabinet_1_mini.png | (164,154)-> (164,156)
.\Room\5_Work Place\UI\c1_r5_shortcabinet_2_mini.png | (181,145)-> (184,148)
.\Room\5_Work Place\UI\c1_r5_shortcabinet_3_mini.png | (166,163)-> (168,164)
.\Room\5_Work Place\UI\c1_r5_shortcabinet_icon.png | (113,113)-> (116,116)
.\Room\5_Work Place\UI\c1_r5_table_1_mini.png | (211,73)-> (212,76)
.\Room\5_Work Place\UI\c1_r5_table_2_mini.png | (211,73)-> (212,76)
.\Room\5_Work Place\UI\c1_r5_table_3_mini.png | (213,73)-> (216,76)
.\Room\5_Work Place\UI\c1_r5_table_icon.png | (113,113)-> (116,116)
.\Room\5_Work Place\UI\c1_r5_wall_1_mini.png | (189,149)-> (192,152)
.\Room\5_Work Place\UI\c1_r5_wall_2_mini.png | (189,149)-> (192,152)
.\Room\5_Work Place\UI\c1_r5_wall_3_mini.png | (189,149)-> (192,152)
.\Room\5_Work Place\UI\c1_r5_wall_icon.png | (113,113)-> (116,116)
.\Room\5_Work Place\UI\c1_r5_window_1_mini.png | (169,160)-> (172,160)
.\Room\5_Work Place\UI\c1_r5_window_2_mini.png | (169,160)-> (172,160)
.\Room\5_Work Place\UI\c1_r5_window_3_mini.png | (169,160)-> (172,160)
.\Room\5_Work Place\UI\c1_r5_window_icon.png | (113,113)-> (116,116)
.\Room\6_Modern Bar\Texture2D\c1_r6_candle_1.png | (99,144)-> (100,144)
.\Room\6_Modern Bar\Texture2D\c1_r6_candle_2.png | (159,130)-> (160,132)
.\Room\6_Modern Bar\Texture2D\c1_r6_candle_3.png | (84,150)-> (84,152)
.\Room\6_Modern Bar\Texture2D\c1_r6_coffee_1.png | (226,136)-> (228,136)
.\Room\6_Modern Bar\Texture2D\c1_r6_coffee_2.png | (280,143)-> (280,144)
.\Room\6_Modern Bar\Texture2D\c1_r6_coffee_3.png | (244,139)-> (244,140)
.\Room\6_Modern Bar\Texture2D\c1_r6_drinks_2.png | (278,148)-> (280,148)
.\Room\6_Modern Bar\Texture2D\c1_r6_drinks_3.png | (320,169)-> (320,172)
.\Room\6_Modern Bar\Texture2D\c1_r6_fruits_1.png | (151,172)-> (152,172)
.\Room\6_Modern Bar\Texture2D\c1_r6_fruits_2.png | (185,157)-> (188,160)
.\Room\6_Modern Bar\Texture2D\c1_r6_plant_1.png | (678,216)-> (680,216)
.\Room\6_Modern Bar\Texture2D\c1_r6_plant_3.png | (688,282)-> (688,284)
.\Room\6_Modern Bar\Texture2D\c1_r6_table_1.png | (254,348)-> (256,348)
.\Room\6_Modern Bar\Texture2D\c1_r6_table_2.png | (272,335)-> (272,336)
.\Room\6_Modern Bar\Texture2D\c1_r6_table_3.png | (317,321)-> (320,324)
.\Room\6_Modern Bar\Texture2D\c1_r6_wine_1.png | (148,149)-> (148,152)
.\Room\6_Modern Bar\Texture2D\c1_r6_wine_2.png | (167,168)-> (168,168)
.\Room\6_Modern Bar\Texture2D\c1_r6_wine_3.png | (87,188)-> (88,188)
.\Room\6_Modern Bar\UI\c1_r6_barstool_1_mini.png | (204,167)-> (204,168)
.\Room\6_Modern Bar\UI\c1_r6_barstool_2_mini.png | (214,160)-> (216,160)
.\Room\6_Modern Bar\UI\c1_r6_barstool_3_mini.png | (196,143)-> (196,144)
.\Room\6_Modern Bar\UI\c1_r6_barstool_icon.png | (113,113)-> (116,116)
.\Room\6_Modern Bar\UI\c1_r6_bar_1_mini.png | (207,84)-> (208,84)
.\Room\6_Modern Bar\UI\c1_r6_bar_2_mini.png | (210,86)-> (212,88)
.\Room\6_Modern Bar\UI\c1_r6_bar_3_mini.png | (207,85)-> (208,88)
.\Room\6_Modern Bar\UI\c1_r6_bar_icon.png | (113,113)-> (116,116)
.\Room\6_Modern Bar\UI\c1_r6_cabinet_1_mini.png | (153,189)-> (156,192)
.\Room\6_Modern Bar\UI\c1_r6_cabinet_2_mini.png | (156,186)-> (156,188)
.\Room\6_Modern Bar\UI\c1_r6_cabinet_3_mini.png | (153,187)-> (156,188)
.\Room\6_Modern Bar\UI\c1_r6_cabinet_icon.png | (113,113)-> (116,116)
.\Room\6_Modern Bar\UI\c1_r6_candle_1_mini.png | (125,183)-> (128,184)
.\Room\6_Modern Bar\UI\c1_r6_candle_2_mini.png | (205,163)-> (208,164)
.\Room\6_Modern Bar\UI\c1_r6_candle_3_mini.png | (106,191)-> (108,192)
.\Room\6_Modern Bar\UI\c1_r6_candle_icon.png | (113,113)-> (116,116)
.\Room\6_Modern Bar\UI\c1_r6_chair_1_1_mini.png | (142,194)-> (144,196)
.\Room\6_Modern Bar\UI\c1_r6_chair_1_2_mini.png | (133,194)-> (136,196)
.\Room\6_Modern Bar\UI\c1_r6_chair_2_1_mini.png | (142,194)-> (144,196)
.\Room\6_Modern Bar\UI\c1_r6_chair_2_2_mini.png | (133,194)-> (136,196)
.\Room\6_Modern Bar\UI\c1_r6_chair_icon.png | (113,113)-> (116,116)
.\Room\6_Modern Bar\UI\c1_r6_coffee_1_mini.png | (174,105)-> (176,108)
.\Room\6_Modern Bar\UI\c1_r6_coffee_2_mini.png | (204,105)-> (204,108)
.\Room\6_Modern Bar\UI\c1_r6_coffee_3_mini.png | (187,108)-> (188,108)
.\Room\6_Modern Bar\UI\c1_r6_coffee_icon.png | (113,113)-> (116,116)
.\Room\6_Modern Bar\UI\c1_r6_curtain_1_mini.png | (156,141)-> (156,144)
.\Room\6_Modern Bar\UI\c1_r6_curtain_2_mini.png | (166,123)-> (168,124)
.\Room\6_Modern Bar\UI\c1_r6_curtain_3_mini.png | (168,137)-> (168,140)
.\Room\6_Modern Bar\UI\c1_r6_curtain_icon.png | (113,113)-> (116,116)
.\Room\6_Modern Bar\UI\c1_r6_drinks_1_mini.png | (183,108)-> (184,108)
.\Room\6_Modern Bar\UI\c1_r6_drinks_2_mini.png | (186,99)-> (188,100)
.\Room\6_Modern Bar\UI\c1_r6_drinks_3_mini.png | (209,111)-> (212,112)
.\Room\6_Modern Bar\UI\c1_r6_drinks_icon.png | (113,113)-> (116,116)
.\Room\6_Modern Bar\UI\c1_r6_floor_1_mini.png | (207,104)-> (208,104)
.\Room\6_Modern Bar\UI\c1_r6_floor_2_mini.png | (207,104)-> (208,104)
.\Room\6_Modern Bar\UI\c1_r6_floor_3_mini.png | (207,104)-> (208,104)
.\Room\6_Modern Bar\UI\c1_r6_floor_icon.png | (113,113)-> (116,116)
.\Room\6_Modern Bar\UI\c1_r6_flowers_1_mini.png | (188,174)-> (188,176)
.\Room\6_Modern Bar\UI\c1_r6_flowers_2_mini.png | (195,189)-> (196,192)
.\Room\6_Modern Bar\UI\c1_r6_flowers_3_mini.png | (207,159)-> (208,160)
.\Room\6_Modern Bar\UI\c1_r6_flowers_icon.png | (113,113)-> (116,116)
.\Room\6_Modern Bar\UI\c1_r6_fruits_1_mini.png | (151,174)-> (152,176)
.\Room\6_Modern Bar\UI\c1_r6_fruits_2_mini.png | (188,159)-> (188,160)
.\Room\6_Modern Bar\UI\c1_r6_fruits_3_mini.png | (184,138)-> (184,140)
.\Room\6_Modern Bar\UI\c1_r6_fruits_icon.png | (113,113)-> (116,116)
.\Room\6_Modern Bar\UI\c1_r6_lamp_1_mini.png | (193,135)-> (196,136)
.\Room\6_Modern Bar\UI\c1_r6_lamp_2_mini.png | (202,132)-> (204,132)
.\Room\6_Modern Bar\UI\c1_r6_lamp_3_mini.png | (201,130)-> (204,132)
.\Room\6_Modern Bar\UI\c1_r6_lamp_icon.png | (113,113)-> (116,116)
.\Room\6_Modern Bar\UI\c1_r6_light_1_mini.png | (139,149)-> (140,152)
.\Room\6_Modern Bar\UI\c1_r6_light_2_mini.png | (122,177)-> (124,180)
.\Room\6_Modern Bar\UI\c1_r6_light_3_mini.png | (83,199)-> (84,200)
.\Room\6_Modern Bar\UI\c1_r6_light_icon.png | (113,113)-> (116,116)
.\Room\6_Modern Bar\UI\c1_r6_picture_1_mini.png | (101,139)-> (104,140)
.\Room\6_Modern Bar\UI\c1_r6_picture_2_mini.png | (180,210)-> (180,212)
.\Room\6_Modern Bar\UI\c1_r6_picture_3_mini.png | (115,168)-> (116,168)
.\Room\6_Modern Bar\UI\c1_r6_picture_icon.png | (113,113)-> (116,116)
.\Room\6_Modern Bar\UI\c1_r6_plant_1_mini.png | (212,67)-> (212,68)
.\Room\6_Modern Bar\UI\c1_r6_plant_2_mini.png | (212,70)-> (212,72)
.\Room\6_Modern Bar\UI\c1_r6_plant_3_mini.png | (212,90)-> (212,92)
.\Room\6_Modern Bar\UI\c1_r6_plant_icon.png | (113,113)-> (116,116)
.\Room\6_Modern Bar\UI\c1_r6_shelf_1_mini.png | (154,210)-> (156,212)
.\Room\6_Modern Bar\UI\c1_r6_shelf_2_mini.png | (142,200)-> (144,200)
.\Room\6_Modern Bar\UI\c1_r6_shelf_3_mini.png | (151,207)-> (152,208)
.\Room\6_Modern Bar\UI\c1_r6_shelf_icon.png | (113,113)-> (116,116)
.\Room\6_Modern Bar\UI\c1_r6_table_1_mini.png | (154,175)-> (156,176)
.\Room\6_Modern Bar\UI\c1_r6_table_2_mini.png | (164,173)-> (164,176)
.\Room\6_Modern Bar\UI\c1_r6_table_3_mini.png | (177,172)-> (180,172)
.\Room\6_Modern Bar\UI\c1_r6_table_icon.png | (113,113)-> (116,116)
.\Room\6_Modern Bar\UI\c1_r6_wall_1_mini.png | (189,149)-> (192,152)
.\Room\6_Modern Bar\UI\c1_r6_wall_2_mini.png | (189,149)-> (192,152)
.\Room\6_Modern Bar\UI\c1_r6_wall_3_mini.png | (189,149)-> (192,152)
.\Room\6_Modern Bar\UI\c1_r6_wall_icon.png | (113,113)-> (116,116)
.\Room\6_Modern Bar\UI\c1_r6_window_1_mini.png | (101,198)-> (104,200)
.\Room\6_Modern Bar\UI\c1_r6_window_2_mini.png | (101,198)-> (104,200)
.\Room\6_Modern Bar\UI\c1_r6_window_3_mini.png | (101,198)-> (104,200)
.\Room\6_Modern Bar\UI\c1_r6_window_icon.png | (113,113)-> (116,116)
.\Room\6_Modern Bar\UI\c1_r6_wine_1_mini.png | (150,149)-> (152,152)
.\Room\6_Modern Bar\UI\c1_r6_wine_2_mini.png | (154,156)-> (156,156)
.\Room\6_Modern Bar\UI\c1_r6_wine_3_mini.png | (86,187)-> (88,188)
.\Room\6_Modern Bar\UI\c1_r6_wine_icon.png | (113,113)-> (116,116)
.\Room\7_Restaurant\Texture2D\c1_r7_decoration_2.png | (192,194)-> (192,196)
.\Room\7_Restaurant\Texture2D\c1_r7_decoration_3.png | (335,108)-> (336,108)
.\Room\7_Restaurant\Texture2D\c1_r7_flower_1.png | (238,131)-> (240,132)
.\Room\7_Restaurant\Texture2D\c1_r7_flower_2.png | (241,148)-> (244,148)
.\Room\7_Restaurant\Texture2D\c1_r7_flower_3.png | (293,169)-> (296,172)
.\Room\7_Restaurant\Texture2D\c1_r7_picture_1.png | (97,309)-> (100,312)
.\Room\7_Restaurant\Texture2D\c1_r7_picture_2.png | (97,361)-> (100,364)
.\Room\7_Restaurant\Texture2D\c1_r7_plant_2.png | (148,306)-> (148,308)
.\Room\7_Restaurant\UI\c1_r7_cabinet_1_mini.png | (161,170)-> (164,172)
.\Room\7_Restaurant\UI\c1_r7_cabinet_2_mini.png | (163,180)-> (164,180)
.\Room\7_Restaurant\UI\c1_r7_cabinet_3_mini.png | (174,181)-> (176,184)
.\Room\7_Restaurant\UI\c1_r7_cabinet_icon.png | (113,113)-> (116,116)
.\Room\7_Restaurant\UI\c1_r7_cart_1_mini.png | (137,190)-> (140,192)
.\Room\7_Restaurant\UI\c1_r7_cart_2_mini.png | (137,172)-> (140,172)
.\Room\7_Restaurant\UI\c1_r7_cart_3_mini.png | (127,206)-> (128,208)
.\Room\7_Restaurant\UI\c1_r7_cart_icon.png | (113,113)-> (116,116)
.\Room\7_Restaurant\UI\c1_r7_chair_1_mini.png | (142,188)-> (144,188)
.\Room\7_Restaurant\UI\c1_r7_chair_2_mini.png | (131,205)-> (132,208)
.\Room\7_Restaurant\UI\c1_r7_chair_3_mini.png | (140,177)-> (140,180)
.\Room\7_Restaurant\UI\c1_r7_chair_icon.png | (113,113)-> (116,116)
.\Room\7_Restaurant\UI\c1_r7_curtain_1_mini.png | (98,202)-> (100,204)
.\Room\7_Restaurant\UI\c1_r7_curtain_2_mini.png | (99,202)-> (100,204)
.\Room\7_Restaurant\UI\c1_r7_curtain_3_mini.png | (92,201)-> (92,204)
.\Room\7_Restaurant\UI\c1_r7_curtain_icon.png | (113,113)-> (116,116)
.\Room\7_Restaurant\UI\c1_r7_decoration_1_mini.png | (214,210)-> (216,212)
.\Room\7_Restaurant\UI\c1_r7_decoration_2_mini.png | (145,146)-> (148,148)
.\Room\7_Restaurant\UI\c1_r7_decoration_3_mini.png | (204,67)-> (204,68)
.\Room\7_Restaurant\UI\c1_r7_decoration_icon.png | (113,113)-> (116,116)
.\Room\7_Restaurant\UI\c1_r7_desktop_1_mini.png | (164,170)-> (164,172)
.\Room\7_Restaurant\UI\c1_r7_desktop_2_mini.png | (153,200)-> (156,200)
.\Room\7_Restaurant\UI\c1_r7_desktop_3_mini.png | (139,203)-> (140,204)
.\Room\7_Restaurant\UI\c1_r7_desktop_icon.png | (113,113)-> (116,116)
.\Room\7_Restaurant\UI\c1_r7_floor_1_mini.png | (207,104)-> (208,104)
.\Room\7_Restaurant\UI\c1_r7_floor_2_mini.png | (207,104)-> (208,104)
.\Room\7_Restaurant\UI\c1_r7_floor_3_mini.png | (207,104)-> (208,104)
.\Room\7_Restaurant\UI\c1_r7_floor_icon.png | (113,113)-> (116,116)
.\Room\7_Restaurant\UI\c1_r7_flower_1_mini.png | (199,109)-> (200,112)
.\Room\7_Restaurant\UI\c1_r7_flower_2_mini.png | (200,123)-> (200,124)
.\Room\7_Restaurant\UI\c1_r7_flower_3_mini.png | (214,125)-> (216,128)
.\Room\7_Restaurant\UI\c1_r7_flower_icon.png | (113,113)-> (116,116)
.\Room\7_Restaurant\UI\c1_r7_fourchairs_1_mini.png | (114,175)-> (116,176)
.\Room\7_Restaurant\UI\c1_r7_fourchairs_2_mini.png | (102,196)-> (104,196)
.\Room\7_Restaurant\UI\c1_r7_fourchairs_icon.png | (113,113)-> (116,116)
.\Room\7_Restaurant\UI\c1_r7_lamp_1_mini.png | (179,113)-> (180,116)
.\Room\7_Restaurant\UI\c1_r7_lamp_2_mini.png | (187,114)-> (188,116)
.\Room\7_Restaurant\UI\c1_r7_lamp_3_mini.png | (186,128)-> (188,128)
.\Room\7_Restaurant\UI\c1_r7_lamp_icon.png | (113,113)-> (116,116)
.\Room\7_Restaurant\UI\c1_r7_picture_1_mini.png | (63,198)-> (64,200)
.\Room\7_Restaurant\UI\c1_r7_picture_2_mini.png | (56,202)-> (56,204)
.\Room\7_Restaurant\UI\c1_r7_picture_3_mini.png | (49,190)-> (52,192)
.\Room\7_Restaurant\UI\c1_r7_picture_icon.png | (113,113)-> (116,116)
.\Room\7_Restaurant\UI\c1_r7_plant_1_mini.png | (120,202)-> (120,204)
.\Room\7_Restaurant\UI\c1_r7_plant_2_mini.png | (95,195)-> (96,196)
.\Room\7_Restaurant\UI\c1_r7_plant_3_mini.png | (104,197)-> (104,200)
.\Room\7_Restaurant\UI\c1_r7_plant_icon.png | (113,113)-> (116,116)
.\Room\7_Restaurant\UI\c1_r7_roundtable_1_mini.png | (206,179)-> (208,180)
.\Room\7_Restaurant\UI\c1_r7_roundtable_2_mini.png | (213,176)-> (216,176)
.\Room\7_Restaurant\UI\c1_r7_roundtable_3_mini.png | (212,162)-> (212,164)
.\Room\7_Restaurant\UI\c1_r7_roundtable_icon.png | (113,113)-> (116,116)
.\Room\7_Restaurant\UI\c1_r7_sofa_1_mini.png | (214,66)-> (216,68)
.\Room\7_Restaurant\UI\c1_r7_sofa_2_mini.png | (214,67)-> (216,68)
.\Room\7_Restaurant\UI\c1_r7_sofa_3_mini.png | (214,66)-> (216,68)
.\Room\7_Restaurant\UI\c1_r7_sofa_icon.png | (113,113)-> (116,116)
.\Room\7_Restaurant\UI\c1_r7_statue_1_mini.png | (70,201)-> (72,204)
.\Room\7_Restaurant\UI\c1_r7_statue_2_mini.png | (78,190)-> (80,192)
.\Room\7_Restaurant\UI\c1_r7_statue_3_mini.png | (89,201)-> (92,204)
.\Room\7_Restaurant\UI\c1_r7_statue_icon.png | (113,113)-> (116,116)
.\Room\7_Restaurant\UI\c1_r7_table_1_mini.png | (185,144)-> (188,144)
.\Room\7_Restaurant\UI\c1_r7_table_2_mini.png | (193,150)-> (196,152)
.\Room\7_Restaurant\UI\c1_r7_table_3_mini.png | (190,151)-> (192,152)
.\Room\7_Restaurant\UI\c1_r7_table_icon.png | (113,113)-> (116,116)
.\Room\7_Restaurant\UI\c1_r7_tile_1_mini.png | (207,104)-> (208,104)
.\Room\7_Restaurant\UI\c1_r7_tile_2_mini.png | (207,104)-> (208,104)
.\Room\7_Restaurant\UI\c1_r7_tile_3_mini.png | (207,104)-> (208,104)
.\Room\7_Restaurant\UI\c1_r7_tile_icon.png | (113,113)-> (116,116)
.\Room\7_Restaurant\UI\c1_r7_top_1_mini.png | (214,55)-> (216,56)
.\Room\7_Restaurant\UI\c1_r7_top_2_mini.png | (214,55)-> (216,56)
.\Room\7_Restaurant\UI\c1_r7_top_3_mini.png | (214,55)-> (216,56)
.\Room\7_Restaurant\UI\c1_r7_top_icon.png | (113,113)-> (116,116)
.\Room\7_Restaurant\UI\c1_r7_wall_1_mini.png | (189,149)-> (192,152)
.\Room\7_Restaurant\UI\c1_r7_wall_2_mini.png | (189,149)-> (192,152)
.\Room\7_Restaurant\UI\c1_r7_wall_3_mini.png | (189,149)-> (192,152)
.\Room\7_Restaurant\UI\c1_r7_wall_icon.png | (113,113)-> (116,116)
.\Room\7_Restaurant\UI\c1_r7_window_1_mini.png | (109,201)-> (112,204)
.\Room\7_Restaurant\UI\c1_r7_window_2_mini.png | (109,201)-> (112,204)
.\Room\7_Restaurant\UI\c1_r7_window_3_mini.png | (109,202)-> (112,204)
.\Room\7_Restaurant\UI\c1_r7_window_icon.png | (113,113)-> (116,116)
.\Room\8_Modern Kitchen\Texture2D\c1_r8_dishes_1.png | (299,96)-> (300,96)
.\Room\8_Modern Kitchen\Texture2D\c1_r8_pan_2_1.png | (379,106)-> (380,108)
.\Room\8_Modern Kitchen\Texture2D\c1_r8_pan_2_2.png | (379,96)-> (380,96)
.\Room\8_Modern Kitchen\Texture2D\c1_r8_pan_2_3.png | (347,118)-> (348,120)
.\Room\8_Modern Kitchen\Texture2D\c1_r8_shelf_2.png | (227,303)-> (228,304)
.\Room\8_Modern Kitchen\Texture2D\c1_r8_shelf_3.png | (237,250)-> (240,252)
.\Room\8_Modern Kitchen\Texture2D\c1_r8_soup_1.png | (383,147)-> (384,148)
.\Room\8_Modern Kitchen\Texture2D\c1_r8_soup_2.png | (372,147)-> (372,148)
.\Room\8_Modern Kitchen\Texture2D\c1_r8_trash_1.png | (171,206)-> (172,208)
.\Room\8_Modern Kitchen\Texture2D\c1_r8_window_0.png | (154,284)-> (156,284)
.\Room\8_Modern Kitchen\Texture2D\c1_r8_window_1.png | (134,270)-> (136,272)
.\Room\8_Modern Kitchen\Texture2D\c1_r8_window_2.png | (141,277)-> (144,280)
.\Room\8_Modern Kitchen\Texture2D\c1_r8_window_3.png | (133,271)-> (136,272)
.\Room\8_Modern Kitchen\UI\c1_r8_bread_1_mini.png | (195,97)-> (196,100)
.\Room\8_Modern Kitchen\UI\c1_r8_bread_2_mini.png | (214,71)-> (216,72)
.\Room\8_Modern Kitchen\UI\c1_r8_bread_3_mini.png | (147,79)-> (148,80)
.\Room\8_Modern Kitchen\UI\c1_r8_bread_icon.png | (113,113)-> (116,116)
.\Room\8_Modern Kitchen\UI\c1_r8_cabinet_1_1_mini.png | (181,172)-> (184,172)
.\Room\8_Modern Kitchen\UI\c1_r8_cabinet_1_2_mini.png | (186,179)-> (188,180)
.\Room\8_Modern Kitchen\UI\c1_r8_cabinet_1_3_mini.png | (189,141)-> (192,144)
.\Room\8_Modern Kitchen\UI\c1_r8_cabinet_2_1_mini.png | (181,172)-> (184,172)
.\Room\8_Modern Kitchen\UI\c1_r8_cabinet_2_2_mini.png | (186,179)-> (188,180)
.\Room\8_Modern Kitchen\UI\c1_r8_cabinet_2_3_mini.png | (189,141)-> (192,144)
.\Room\8_Modern Kitchen\UI\c1_r8_cabinet_icon.png | (113,113)-> (116,116)
.\Room\8_Modern Kitchen\UI\c1_r8_cart_1_mini.png | (159,145)-> (160,148)
.\Room\8_Modern Kitchen\UI\c1_r8_cart_2_mini.png | (193,144)-> (196,144)
.\Room\8_Modern Kitchen\UI\c1_r8_cart_3_mini.png | (193,144)-> (196,144)
.\Room\8_Modern Kitchen\UI\c1_r8_cart_icon.png | (113,113)-> (116,116)
.\Room\8_Modern Kitchen\UI\c1_r8_dishes_1_mini.png | (212,69)-> (212,72)
.\Room\8_Modern Kitchen\UI\c1_r8_dishes_2_mini.png | (214,100)-> (216,100)
.\Room\8_Modern Kitchen\UI\c1_r8_dishes_3_mini.png | (182,98)-> (184,100)
.\Room\8_Modern Kitchen\UI\c1_r8_dishes_icon.png | (113,113)-> (116,116)
.\Room\8_Modern Kitchen\UI\c1_r8_floor_1_mini.png | (207,104)-> (208,104)
.\Room\8_Modern Kitchen\UI\c1_r8_floor_2_mini.png | (207,104)-> (208,104)
.\Room\8_Modern Kitchen\UI\c1_r8_floor_3_mini.png | (207,104)-> (208,104)
.\Room\8_Modern Kitchen\UI\c1_r8_floor_icon.png | (113,113)-> (116,116)
.\Room\8_Modern Kitchen\UI\c1_r8_fruit_1_mini.png | (214,84)-> (216,84)
.\Room\8_Modern Kitchen\UI\c1_r8_fruit_2_mini.png | (205,98)-> (208,100)
.\Room\8_Modern Kitchen\UI\c1_r8_fruit_3_mini.png | (202,82)-> (204,84)
.\Room\8_Modern Kitchen\UI\c1_r8_fruit_icon.png | (113,113)-> (116,116)
.\Room\8_Modern Kitchen\UI\c1_r8_oven_1_mini.png | (141,166)-> (144,168)
.\Room\8_Modern Kitchen\UI\c1_r8_oven_2_mini.png | (138,165)-> (140,168)
.\Room\8_Modern Kitchen\UI\c1_r8_oven_3_mini.png | (139,165)-> (140,168)
.\Room\8_Modern Kitchen\UI\c1_r8_oven_icon.png | (113,113)-> (116,116)
.\Room\8_Modern Kitchen\UI\c1_r8_pan_1_1_mini.png | (214,60)-> (216,60)
.\Room\8_Modern Kitchen\UI\c1_r8_pan_1_2_mini.png | (213,57)-> (216,60)
.\Room\8_Modern Kitchen\UI\c1_r8_pan_1_3_mini.png | (195,61)-> (196,64)
.\Room\8_Modern Kitchen\UI\c1_r8_pan_2_1_mini.png | (214,60)-> (216,60)
.\Room\8_Modern Kitchen\UI\c1_r8_pan_2_2_mini.png | (213,57)-> (216,60)
.\Room\8_Modern Kitchen\UI\c1_r8_pan_2_3_mini.png | (195,61)-> (196,64)
.\Room\8_Modern Kitchen\UI\c1_r8_pan_icon.png | (113,113)-> (116,116)
.\Room\8_Modern Kitchen\UI\c1_r8_plate_1_mini.png | (204,126)-> (204,128)
.\Room\8_Modern Kitchen\UI\c1_r8_plate_2_mini.png | (204,126)-> (204,128)
.\Room\8_Modern Kitchen\UI\c1_r8_plate_3_mini.png | (204,126)-> (204,128)
.\Room\8_Modern Kitchen\UI\c1_r8_plate_icon.png | (113,113)-> (116,116)
.\Room\8_Modern Kitchen\UI\c1_r8_rangehood_1_mini.png | (197,126)-> (200,128)
.\Room\8_Modern Kitchen\UI\c1_r8_rangehood_2_mini.png | (201,127)-> (204,128)
.\Room\8_Modern Kitchen\UI\c1_r8_rangehood_3_mini.png | (200,127)-> (200,128)
.\Room\8_Modern Kitchen\UI\c1_r8_rangehood_icon.png | (113,113)-> (116,116)
.\Room\8_Modern Kitchen\UI\c1_r8_refrigerator_1_mini.png | (153,175)-> (156,176)
.\Room\8_Modern Kitchen\UI\c1_r8_refrigerator_2_mini.png | (154,174)-> (156,176)
.\Room\8_Modern Kitchen\UI\c1_r8_refrigerator_3_mini.png | (154,169)-> (156,172)
.\Room\8_Modern Kitchen\UI\c1_r8_refrigerator_icon.png | (113,113)-> (116,116)
.\Room\8_Modern Kitchen\UI\c1_r8_seasoning_1_mini.png | (210,136)-> (212,136)
.\Room\8_Modern Kitchen\UI\c1_r8_seasoning_2_mini.png | (211,135)-> (212,136)
.\Room\8_Modern Kitchen\UI\c1_r8_seasoning_3_mini.png | (210,140)-> (212,140)
.\Room\8_Modern Kitchen\UI\c1_r8_seasoning_icon.png | (113,113)-> (116,116)
.\Room\8_Modern Kitchen\UI\c1_r8_shelf_1_mini.png | (105,182)-> (108,184)
.\Room\8_Modern Kitchen\UI\c1_r8_shelf_2_mini.png | (132,175)-> (132,176)
.\Room\8_Modern Kitchen\UI\c1_r8_shelf_3_mini.png | (157,162)-> (160,164)
.\Room\8_Modern Kitchen\UI\c1_r8_shelf_icon.png | (113,113)-> (116,116)
.\Room\8_Modern Kitchen\UI\c1_r8_soup_1_mini.png | (205,84)-> (208,84)
.\Room\8_Modern Kitchen\UI\c1_r8_soup_2_mini.png | (203,85)-> (204,88)
.\Room\8_Modern Kitchen\UI\c1_r8_soup_3_mini.png | (205,84)-> (208,84)
.\Room\8_Modern Kitchen\UI\c1_r8_soup_icon.png | (113,113)-> (116,116)
.\Room\8_Modern Kitchen\UI\c1_r8_stoves_1_mini.png | (192,149)-> (192,152)
.\Room\8_Modern Kitchen\UI\c1_r8_stoves_2_mini.png | (191,153)-> (192,156)
.\Room\8_Modern Kitchen\UI\c1_r8_stoves_icon.png | (113,113)-> (116,116)
.\Room\8_Modern Kitchen\UI\c1_r8_table_1_mini.png | (213,117)-> (216,120)
.\Room\8_Modern Kitchen\UI\c1_r8_table_3_mini.png | (213,111)-> (216,112)
.\Room\8_Modern Kitchen\UI\c1_r8_table_icon.png | (113,113)-> (116,116)
.\Room\8_Modern Kitchen\UI\c1_r8_top_1_mini.png | (213,77)-> (216,80)
.\Room\8_Modern Kitchen\UI\c1_r8_top_2_mini.png | (208,69)-> (208,72)
.\Room\8_Modern Kitchen\UI\c1_r8_top_3_mini.png | (214,79)-> (216,80)
.\Room\8_Modern Kitchen\UI\c1_r8_top_icon.png | (113,113)-> (116,116)
.\Room\8_Modern Kitchen\UI\c1_r8_trash_1_mini.png | (142,169)-> (144,172)
.\Room\8_Modern Kitchen\UI\c1_r8_trash_2_mini.png | (136,167)-> (136,168)
.\Room\8_Modern Kitchen\UI\c1_r8_trash_3_mini.png | (111,187)-> (112,188)
.\Room\8_Modern Kitchen\UI\c1_r8_trash_icon.png | (113,113)-> (116,116)
.\Room\8_Modern Kitchen\UI\c1_r8_wall_1_mini.png | (189,149)-> (192,152)
.\Room\8_Modern Kitchen\UI\c1_r8_wall_2_mini.png | (189,149)-> (192,152)
.\Room\8_Modern Kitchen\UI\c1_r8_wall_3_mini.png | (189,149)-> (192,152)
.\Room\8_Modern Kitchen\UI\c1_r8_wall_icon.png | (113,113)-> (116,116)
.\Room\8_Modern Kitchen\UI\c1_r8_window_1_mini.png | (92,186)-> (92,188)
.\Room\8_Modern Kitchen\UI\c1_r8_window_2_mini.png | (97,190)-> (100,192)
.\Room\8_Modern Kitchen\UI\c1_r8_window_3_mini.png | (92,185)-> (92,188)
.\Room\8_Modern Kitchen\UI\c1_r8_window_icon.png | (113,113)-> (116,116)
.\Room\9_Sky Restaurant\UI\c1_r9_balloon_2_mini.png | (125,209)-> (128,212)
.\Room\9_Sky Restaurant\UI\c1_r9_balloon_3_mini.png | (107,201)-> (108,204)
.\Room\9_Sky Restaurant\UI\c1_r9_balloon_icon.png | (113,113)-> (116,116)
.\Room\9_Sky Restaurant\UI\c1_r9_bg_1_mini.png | (207,104)-> (208,104)
.\Room\9_Sky Restaurant\UI\c1_r9_bg_2_mini.png | (207,104)-> (208,104)
.\Room\9_Sky Restaurant\UI\c1_r9_bg_3_mini.png | (207,104)-> (208,104)
.\Room\9_Sky Restaurant\UI\c1_r9_bg_icon.png | (113,113)-> (116,116)
.\Room\9_Sky Restaurant\UI\c1_r9_candle_1_mini.png | (121,176)-> (124,176)
.\Room\9_Sky Restaurant\UI\c1_r9_candle_2_mini.png | (106,201)-> (108,204)
.\Room\9_Sky Restaurant\UI\c1_r9_candle_3_mini.png | (163,176)-> (164,176)
.\Room\9_Sky Restaurant\UI\c1_r9_candle_icon.png | (113,113)-> (116,116)
.\Room\9_Sky Restaurant\UI\c1_r9_chairs_1_mini.png | (205,105)-> (208,108)
.\Room\9_Sky Restaurant\UI\c1_r9_chairs_2_mini.png | (214,118)-> (216,120)
.\Room\9_Sky Restaurant\UI\c1_r9_chairs_3_mini.png | (214,117)-> (216,120)
.\Room\9_Sky Restaurant\UI\c1_r9_chairs_icon.png | (113,113)-> (116,116)
.\Room\9_Sky Restaurant\UI\c1_r9_floor_1_mini.png | (207,104)-> (208,104)
.\Room\9_Sky Restaurant\UI\c1_r9_floor_2_mini.png | (207,104)-> (208,104)
.\Room\9_Sky Restaurant\UI\c1_r9_floor_3_mini.png | (207,104)-> (208,104)
.\Room\9_Sky Restaurant\UI\c1_r9_floor_icon.png | (113,113)-> (116,116)
.\Room\9_Sky Restaurant\UI\c1_r9_flower_3_mini.png | (89,204)-> (92,204)
.\Room\9_Sky Restaurant\UI\c1_r9_flower_icon.png | (113,113)-> (116,116)
.\Room\9_Sky Restaurant\UI\c1_r9_food_1_mini.png | (174,165)-> (176,168)
.\Room\9_Sky Restaurant\UI\c1_r9_food_2_mini.png | (178,173)-> (180,176)
.\Room\9_Sky Restaurant\UI\c1_r9_food_3_mini.png | (163,172)-> (164,172)
.\Room\9_Sky Restaurant\UI\c1_r9_food_icon.png | (113,113)-> (116,116)
.\Room\9_Sky Restaurant\UI\c1_r9_grass_1_mini.png | (170,105)-> (172,108)
.\Room\9_Sky Restaurant\UI\c1_r9_grass_3_mini.png | (170,111)-> (172,112)
.\Room\9_Sky Restaurant\UI\c1_r9_grass_icon.png | (113,113)-> (116,116)
.\Room\9_Sky Restaurant\UI\c1_r9_handrail_1_mini.png | (168,118)-> (168,120)
.\Room\9_Sky Restaurant\UI\c1_r9_handrail_3_mini.png | (168,107)-> (168,108)
.\Room\9_Sky Restaurant\UI\c1_r9_handrail_icon.png | (113,113)-> (116,116)
.\Room\9_Sky Restaurant\UI\c1_r9_lamp_1_mini.png | (59,191)-> (60,192)
.\Room\9_Sky Restaurant\UI\c1_r9_lamp_2_mini.png | (37,189)-> (40,192)
.\Room\9_Sky Restaurant\UI\c1_r9_lamp_3_mini.png | (58,199)-> (60,200)
.\Room\9_Sky Restaurant\UI\c1_r9_lamp_icon.png | (113,113)-> (116,116)
.\Room\9_Sky Restaurant\UI\c1_r9_light_1_1_mini.png | (188,93)-> (188,96)
.\Room\9_Sky Restaurant\UI\c1_r9_light_1_2_mini.png | (187,88)-> (188,88)
.\Room\9_Sky Restaurant\UI\c1_r9_light_2_1_mini.png | (188,93)-> (188,96)
.\Room\9_Sky Restaurant\UI\c1_r9_light_2_2_mini.png | (187,88)-> (188,88)
.\Room\9_Sky Restaurant\UI\c1_r9_light_icon.png | (113,113)-> (116,116)
.\Room\9_Sky Restaurant\UI\c1_r9_music_1_mini.png | (77,201)-> (80,204)
.\Room\9_Sky Restaurant\UI\c1_r9_music_2_mini.png | (63,147)-> (64,148)
.\Room\9_Sky Restaurant\UI\c1_r9_music_3_mini.png | (69,201)-> (72,204)
.\Room\9_Sky Restaurant\UI\c1_r9_music_icon.png | (113,113)-> (116,116)
.\Room\9_Sky Restaurant\UI\c1_r9_pan_1_mini.png | (209,113)-> (212,116)
.\Room\9_Sky Restaurant\UI\c1_r9_pan_2_mini.png | (176,107)-> (176,108)
.\Room\9_Sky Restaurant\UI\c1_r9_pan_3_mini.png | (202,131)-> (204,132)
.\Room\9_Sky Restaurant\UI\c1_r9_pan_icon.png | (113,113)-> (116,116)
.\Room\9_Sky Restaurant\UI\c1_r9_parasol_1_mini.png | (190,174)-> (192,176)
.\Room\9_Sky Restaurant\UI\c1_r9_parasol_2_mini.png | (182,177)-> (184,180)
.\Room\9_Sky Restaurant\UI\c1_r9_parasol_3_mini.png | (209,175)-> (212,176)
.\Room\9_Sky Restaurant\UI\c1_r9_parasol_icon.png | (113,113)-> (116,116)
.\Room\9_Sky Restaurant\UI\c1_r9_pavilion_1_mini.png | (200,173)-> (200,176)
.\Room\9_Sky Restaurant\UI\c1_r9_pavilion_2_mini.png | (206,176)-> (208,176)
.\Room\9_Sky Restaurant\UI\c1_r9_pavilion_3_mini.png | (198,163)-> (200,164)
.\Room\9_Sky Restaurant\UI\c1_r9_pavilion_icon.png | (113,113)-> (116,116)
.\Room\9_Sky Restaurant\UI\c1_r9_sidetable_1_mini.png | (152,175)-> (152,176)
.\Room\9_Sky Restaurant\UI\c1_r9_sidetable_2_mini.png | (159,192)-> (160,192)
.\Room\9_Sky Restaurant\UI\c1_r9_sidetable_3_mini.png | (150,183)-> (152,184)
.\Room\9_Sky Restaurant\UI\c1_r9_sidetable_icon.png | (113,113)-> (116,116)
.\Room\9_Sky Restaurant\UI\c1_r9_sofa_1_1_mini.png | (186,142)-> (188,144)
.\Room\9_Sky Restaurant\UI\c1_r9_sofa_1_2_mini.png | (173,135)-> (176,136)
.\Room\9_Sky Restaurant\UI\c1_r9_sofa_1_3_mini.png | (190,153)-> (192,156)
.\Room\9_Sky Restaurant\UI\c1_r9_sofa_2_1_mini.png | (186,142)-> (188,144)
.\Room\9_Sky Restaurant\UI\c1_r9_sofa_2_2_mini.png | (173,135)-> (176,136)
.\Room\9_Sky Restaurant\UI\c1_r9_sofa_2_3_mini.png | (190,153)-> (192,156)
.\Room\9_Sky Restaurant\UI\c1_r9_sofa_icon.png | (113,113)-> (116,116)
.\Room\9_Sky Restaurant\UI\c1_r9_table_2_mini.png | (202,118)-> (204,120)
.\Room\9_Sky Restaurant\UI\c1_r9_table_3_mini.png | (214,156)-> (216,156)
.\Room\9_Sky Restaurant\UI\c1_r9_table_icon.png | (113,113)-> (116,116)
.\Room\9_Sky Restaurant\UI\c1_r9_tree_1_mini.png | (135,185)-> (136,188)
.\Room\9_Sky Restaurant\UI\c1_r9_tree_2_mini.png | (134,203)-> (136,204)
.\Room\9_Sky Restaurant\UI\c1_r9_tree_3_mini.png | (132,195)-> (132,196)
.\Room\9_Sky Restaurant\UI\c1_r9_tree_icon.png | (113,113)-> (116,116)
.\Room\9_Sky Restaurant\UI\c1_r9_vase_1_mini.png | (187,153)-> (188,156)
.\Room\9_Sky Restaurant\UI\c1_r9_vase_2_mini.png | (169,189)-> (172,192)
.\Room\9_Sky Restaurant\UI\c1_r9_vase_3_mini.png | (175,148)-> (176,148)
.\Room\9_Sky Restaurant\UI\c1_r9_vase_icon.png | (113,113)-> (116,116)
.\Room\PhongTam\Final\bath_room_bantreo_1.png | (668,362)-> (668,364)
.\Room\PhongTam\Final\bath_room_bantreo_2.png | (669,342)-> (672,344)
.\Room\PhongTam\Final\bath_room_bantreo_3.png | (665,409)-> (668,412)
.\Room\PhongTam\Final\bath_room_ban_1.png | (381,477)-> (384,480)
.\Room\PhongTam\Final\bath_room_ban_2.png | (375,450)-> (376,452)
.\Room\PhongTam\Final\bath_room_ban_3.png | (346,599)-> (348,600)
.\Room\PhongTam\Final\bath_room_bontam_1.png | (921,480)-> (924,480)
.\Room\PhongTam\Final\bath_room_bontam_2.png | (917,577)-> (920,580)
.\Room\PhongTam\Final\bath_room_cay_1.png | (413,439)-> (416,440)
.\Room\PhongTam\Final\bath_room_cay_3.png | (469,633)-> (472,636)
.\Room\PhongTam\Final\bath_room_cua_1.png | (1223,1720)-> (1224,1720)
.\Room\PhongTam\Final\bath_room_decor_1.png | (344,497)-> (344,500)
.\Room\PhongTam\Final\bath_room_decor_2.png | (437,343)-> (440,344)
.\Room\PhongTam\Final\bath_room_decor_3.png | (350,442)-> (352,444)
.\Room\PhongTam\Final\bath_room_ghe_1.png | (337,536)-> (340,536)
.\Room\PhongTam\Final\bath_room_ghe_2.png | (525,533)-> (528,536)
.\Room\PhongTam\Final\bath_room_ghe_3.png | (620,601)-> (620,604)
.\Room\PhongTam\Final\bath_room_gioao_3.png | (331,287)-> (332,288)
.\Room\PhongTam\Final\bath_room_mocao_1.png | (310,587)-> (312,588)
.\Room\PhongTam\Final\bath_room_mocao_2.png | (260,774)-> (260,776)
.\Room\PhongTam\Final\bath_room_nhatam_1.png | (689,1124)-> (692,1124)
.\Room\PhongTam\Final\bath_room_nhatam_2.png | (689,1143)-> (692,1144)
.\Room\PhongTam\Final\bath_room_nhatam_3.png | (679,1104)-> (680,1104)
.\Room\PhongTam\Final\bath_room_optuong_0.png | (747,943)-> (748,944)
.\Room\PhongTam\Final\bath_room_optuong_1.png | (770,966)-> (772,968)
.\Room\PhongTam\Final\bath_room_optuong_2.png | (778,976)-> (780,976)
.\Room\PhongTam\Final\bath_room_optuong_3.png | (797,991)-> (800,992)
.\Room\PhongTam\Final\bath_room_san_0.png | (3648,751)-> (3648,752)
.\Room\PhongTam\Final\bath_room_san_1.png | (3648,751)-> (3648,752)
.\Room\PhongTam\Final\bath_room_san_2.png | (3648,751)-> (3648,752)
.\Room\PhongTam\Final\bath_room_san_3.png | (3648,751)-> (3648,752)
.\Room\PhongTam\Final\bath_room_tham_1.png | (699,258)-> (700,260)
.\Room\PhongTam\Final\bath_room_tham_2.png | (1022,250)-> (1024,252)
.\Room\PhongTam\Final\bath_room_tham_3.png | (1012,241)-> (1012,244)
.\Room\PhongTam\Final\bath_room_tranh_1.png | (330,487)-> (332,488)
.\Room\PhongTam\Final\bath_room_tranh_2.png | (342,525)-> (344,528)
.\Room\PhongTam\Final\bath_room_tranh_3.png | (349,493)-> (352,496)
.\Room\PhongTam\Final\bath_room_tran_0.png | (3772,477)-> (3772,480)
.\Room\PhongTam\Final\bath_room_tran_1.png | (3772,477)-> (3772,480)
.\Room\PhongTam\Final\bath_room_tran_2.png | (3772,477)-> (3772,480)
.\Room\PhongTam\Final\bath_room_tran_3.png | (3772,477)-> (3772,480)
.\Room\PhongTam\Final\bath_room_tuong_0.png | (1469,2160)-> (1472,2160)
.\Room\PhongTam\Final\bath_room_tuong_1.png | (1469,2160)-> (1472,2160)
.\Room\PhongTam\Final\bath_room_tuong_2.png | (1469,2160)-> (1472,2160)
.\Room\PhongTam\Final\bath_room_tuong_3.png | (1469,2160)-> (1472,2160)
.\Room\PhongTam\Final\c1_r5_paper_icon 1.png | (113,113)-> (116,116)
.\Room\PhongTam\Final\chair_icon.png | (113,113)-> (116,116)
.\Room\PhongTam\Final\table_icon.png | (113,113)-> (116,116)
.\Room\PhongTam\Final\z2636146326814_8c573338a89eb625b12fec0d6ce8cadc.jpg | (3840,2160)-> (3840,2160)
.\Texture2D\Circle1.png | (158,158)-> (160,160)
.\Texture2D\Circle2.png | (158,158)-> (160,160)
.\Texture2D\Circle3.png | (158,158)-> (160,160)
.\Texture2D\g_levelcomplete_l.png | (75,106)-> (76,108)
.\Texture2D\text_c.png | (66,104)-> (68,104)
.\Texture2D\text_i.png | (33,98)-> (36,100)
.\Texture2D\You Win\text-i.png | (43,130)-> (44,132)
.\Texture2D\You Win\text-n.png | (105,131)-> (108,132)
.\Texture2D\You Win\text-o.png | (114,131)-> (116,132)
.\Texture2D\You Win\text-u.png | (101,131)-> (104,132)
.\Texture2D\You Win\text-w.png | (158,130)-> (160,132)
.\Texture2D\You Win\text-y.png | (106,130)-> (108,132)
.\UI\1811_6.png | (161,419)-> (164,420)
.\UI\ClaimedButton.png | (420,131)-> (420,132)
.\UI\free_gems.png | (388,62)-> (388,64)
.\UI\gem7.png | (132,86)-> (132,88)
.\UI\Play button.png | (204,207)-> (204,208)
.\UI\pop up2.png | (2413,1758)-> (2416,1760)
.\UI\view fix.png | (200,205)-> (200,208)
.\UI\weekly.png | (820,189)-> (820,192)
.\UI\Close button\btn blue.png | (441,112)-> (444,112)
.\UI\Close button\CANCEL.png | (66,67)-> (68,68)
.\UI\Close button\Xclose.png | (102,102)-> (104,104)
.\UI\DailyBonus\daily - today.png | (230,239)-> (232,240)
.\UI\DailyBonus\dailybonus icon fix.png | (193,205)-> (196,208)
.\UI\DailyBonus\day7.png | (238,574)-> (240,576)
.\UI\DailyBonus\day7select.png | (254,590)-> (256,592)
.\UI\DailyBonus\lastfreegems.png | (278,258)-> (280,260)
.\UI\decorScene\board gem.png | (303,93)-> (304,96)
.\UI\decorScene\facebook.png | (490,490)-> (492,492)
.\UI\decorScene\FREE GEMS.png | (358,69)-> (360,72)
.\UI\decorScene\freegem icon.png | (309,238)-> (312,240)
.\UI\decorScene\freegems fix.png | (309,253)-> (312,256)
.\UI\decorScene\heart 1.png | (93,88)-> (96,88)
.\UI\decorScene\heart.png | (93,88)-> (96,88)
.\UI\decorScene\repair.png | (290,109)-> (292,112)
.\UI\Free Gem\7 gems.png | (134,274)-> (136,276)
.\UI\Free Gem\7gems claim.png | (267,546)-> (268,548)
